app/build/intermediates/manifest_merge_blame_file/debug/manifest-merger-blame-debug-report.txt
1<?xml version="1.0" encoding="utf-8"?>
2<manifest xmlns:android="http://schemas.android.com/apk/res/android"
3    package="com.ifoer.expedition.pro"
4    platformBuildVersionCode="105"
5    platformBuildVersionName="3.11.015"
6    android:installLocation="internalOnly"
7    android:versionCode="105"
8    android:versionName="3.11.015" >
9
10    <uses-sdk
10-->src\main\AndroidManifest.xml:3:5-73
11        android:minSdkVersion="15"
11-->src\main\AndroidManifest.xml:3:15-41
12        android:targetSdkVersion="22" />
12-->src\main\AndroidManifest.xml:3:42-71
13
14    <uses-permission android:name="android.permission.VIBRATE" />
14-->src\main\AndroidManifest.xml:4:5-65
14-->src\main\AndroidManifest.xml:4:22-63
15    <uses-permission android:name="android.permission.INTERNET" />
15-->src\main\AndroidManifest.xml:5:5-66
15-->src\main\AndroidManifest.xml:5:22-64
16    <uses-permission android:name="android.permission.READ_PHONE_STATE" />
16-->src\main\AndroidManifest.xml:6:5-74
16-->src\main\AndroidManifest.xml:6:22-72
17    <uses-permission android:name="android.permission.ACCESS_WIFI_STATE" />
17-->src\main\AndroidManifest.xml:7:5-75
17-->src\main\AndroidManifest.xml:7:22-73
18    <uses-permission android:name="android.permission.ACCESS_COARSE_LOCATION" />
18-->src\main\AndroidManifest.xml:8:5-80
18-->src\main\AndroidManifest.xml:8:22-78
19    <uses-permission android:name="android.permission.ACCESS_NETWORK_STATE" />
19-->src\main\AndroidManifest.xml:9:5-78
19-->src\main\AndroidManifest.xml:9:22-76
20    <uses-permission android:name="android.permission.ACCESS_FINE_LOCATION" />
20-->src\main\AndroidManifest.xml:10:5-78
20-->src\main\AndroidManifest.xml:10:22-76
21    <uses-permission android:name="android.permission.CHANGE_WIFI_STATE" />
21-->src\main\AndroidManifest.xml:11:5-75
21-->src\main\AndroidManifest.xml:11:22-73
22    <uses-permission android:name="android.permission.SEND" />
22-->src\main\AndroidManifest.xml:12:5-62
22-->src\main\AndroidManifest.xml:12:22-60
23    <uses-permission android:name="android.permission.KILL_BACKGROUND_PROCESSES" />
23-->src\main\AndroidManifest.xml:13:5-83
23-->src\main\AndroidManifest.xml:13:22-81
24    <uses-permission android:name="android.permission.CHANGE_CONFIGURATION" />
24-->src\main\AndroidManifest.xml:14:5-78
24-->src\main\AndroidManifest.xml:14:22-76
25    <uses-permission android:name="com.android.vending.BILLING" />
25-->src\main\AndroidManifest.xml:15:5-66
25-->src\main\AndroidManifest.xml:15:22-64
26    <uses-permission android:name="android.permission.BLUETOOTH_ADMIN" />
26-->src\main\AndroidManifest.xml:16:5-73
26-->src\main\AndroidManifest.xml:16:22-71
27    <uses-permission android:name="android.permission.BLUETOOTH" />
27-->src\main\AndroidManifest.xml:17:5-67
27-->src\main\AndroidManifest.xml:17:22-65
28    <uses-permission android:name="android.permission.RECEIVE_BOOT_COMPLETED" />
28-->src\main\AndroidManifest.xml:18:5-80
28-->src\main\AndroidManifest.xml:18:22-78
29    <uses-permission android:name="android.permission.WRITE_EXTERNAL_STORAGE" />
29-->src\main\AndroidManifest.xml:19:5-80
29-->src\main\AndroidManifest.xml:19:22-78
30    <uses-permission android:name="android.permission.READ_EXTERNAL_STORAGE" />
30-->src\main\AndroidManifest.xml:20:5-79
30-->src\main\AndroidManifest.xml:20:22-77
31    <uses-permission android:name="android.permission.WRITE_MEDIA_STORAGE" />
31-->src\main\AndroidManifest.xml:21:5-77
31-->src\main\AndroidManifest.xml:21:22-75
32    <uses-permission android:name="android.permission.MOUNT_UNMOUNT_FILESYSTEMS" />
32-->src\main\AndroidManifest.xml:22:5-83
32-->src\main\AndroidManifest.xml:22:22-81
33    <uses-permission android:name="android.permission.SYSTEM_ALERT_WINDOW" />
33-->src\main\AndroidManifest.xml:23:5-77
33-->src\main\AndroidManifest.xml:23:22-75
34    <uses-permission android:name="android.permission.REORDER_TASKS" />
34-->src\main\AndroidManifest.xml:24:5-71
34-->src\main\AndroidManifest.xml:24:22-69
35    <uses-permission android:name="android.permission.MODIFY_AUDIO_SETTINGS" />
35-->src\main\AndroidManifest.xml:25:5-79
35-->src\main\AndroidManifest.xml:25:22-77
36    <uses-permission android:name="android.permission.RECORD_AUDIO" />
36-->src\main\AndroidManifest.xml:26:5-70
36-->src\main\AndroidManifest.xml:26:22-68
37    <uses-permission android:name="android.permission.WAKE_LOCK" />
37-->src\main\AndroidManifest.xml:27:5-67
37-->src\main\AndroidManifest.xml:27:22-65
38    <uses-permission android:name="com.android.launcher.permission.READ_SETTINGS" />
38-->src\main\AndroidManifest.xml:28:5-84
38-->src\main\AndroidManifest.xml:28:22-82
39    <uses-permission android:name="com.android.launcher.permission.INSTALL_SHORTCUT" />
39-->src\main\AndroidManifest.xml:29:5-87
39-->src\main\AndroidManifest.xml:29:22-85
40    <uses-permission android:name="com.android.launcher3.permission.READ_SETTINGS" />
40-->src\main\AndroidManifest.xml:30:5-85
40-->src\main\AndroidManifest.xml:30:22-83
41    <uses-permission android:name="com.android.launcher3.permission.WRITE_SETTINGS" />
41-->src\main\AndroidManifest.xml:31:5-86
41-->src\main\AndroidManifest.xml:31:22-84
42    <uses-permission android:name="com.android.launcher.permission.UNINSTALL_SHORTCUT" />
42-->src\main\AndroidManifest.xml:32:5-89
42-->src\main\AndroidManifest.xml:32:22-87
43    <uses-permission android:name="com.android.browser.permission.READ_HISTORY_BOOKMARKS" />
43-->src\main\AndroidManifest.xml:33:5-92
43-->src\main\AndroidManifest.xml:33:22-90
44    <uses-permission android:name="com.android.browser.permission.WRITE_HISTORY_BOOKMARKS" />
44-->src\main\AndroidManifest.xml:34:5-93
44-->src\main\AndroidManifest.xml:34:22-91
45    <uses-permission android:name="android.permission.GET_TASKS" />
45-->src\main\AndroidManifest.xml:35:5-67
45-->src\main\AndroidManifest.xml:35:22-65
46    <uses-permission android:name="android.permission.DISABLE_KEYGUARD" />
46-->src\main\AndroidManifest.xml:36:5-74
46-->src\main\AndroidManifest.xml:36:22-72
47    <uses-permission android:name="android.permission.READ_LOGS" />
47-->src\main\AndroidManifest.xml:37:5-67
47-->src\main\AndroidManifest.xml:37:22-65
48    <uses-permission android:name="com.google.android.providers.gsf.permission.READ_GSERVICES" />
48-->src\main\AndroidManifest.xml:38:5-97
48-->src\main\AndroidManifest.xml:38:22-95
49    <uses-permission android:name="android.permission.ACCESS_GPS" />
49-->src\main\AndroidManifest.xml:39:5-68
49-->src\main\AndroidManifest.xml:39:22-66
50    <uses-permission android:name="android.permission.CHANGE_NETWORK_STATE" />
50-->src\main\AndroidManifest.xml:40:5-78
50-->src\main\AndroidManifest.xml:40:22-76
51    <uses-permission android:name="android.permission.NFC" />
51-->src\main\AndroidManifest.xml:41:5-61
51-->src\main\AndroidManifest.xml:41:22-59
52
53    <uses-feature android:name="android.hardware.nfc.hce" />
53-->src\main\AndroidManifest.xml:42:5-60
53-->src\main\AndroidManifest.xml:42:19-58
54
55    <uses-permission android:name="org.simalliance.openmobileapi.SMARTCARD" />
55-->src\main\AndroidManifest.xml:43:5-78
55-->src\main\AndroidManifest.xml:43:22-76
56    <uses-permission android:name="com.android.launcher2.permission.READ_SETTINGS" />
56-->src\main\AndroidManifest.xml:44:5-85
56-->src\main\AndroidManifest.xml:44:22-83
57    <uses-permission android:name="android.permission.REQUEST_INSTALL_PACKAGES" />
57-->src\main\AndroidManifest.xml:45:5-82
57-->src\main\AndroidManifest.xml:45:22-80
58
59    <instrumentation
59-->src\main\AndroidManifest.xml:46:5-126
60        android:name="android.test.InstrumentationTestRunner"
60-->src\main\AndroidManifest.xml:46:22-75
61        android:targetPackage="com.ifoer.expedition.pro" />
61-->src\main\AndroidManifest.xml:46:76-124
62
63    <meta-data
63-->src\main\AndroidManifest.xml:47:5-79
64        android:name="android.support.VERSION"
64-->src\main\AndroidManifest.xml:47:16-54
65        android:value="25.3.1" />
65-->src\main\AndroidManifest.xml:47:55-77
66
67    <application
67-->src\main\AndroidManifest.xml:48:5-224:19
68        android:name="com.cnlaunch.x431pro.activity.GDApplication"
68-->src\main\AndroidManifest.xml:48:123-181
69        android:allowBackup="true"
69-->src\main\AndroidManifest.xml:48:182-208
70        android:debuggable="true"
71        android:icon="@drawable/ic_launcher"
71-->src\main\AndroidManifest.xml:48:86-122
72        android:label="@string/app_name"
72-->src\main\AndroidManifest.xml:48:53-85
73        android:largeHeap="true"
73-->src\main\AndroidManifest.xml:48:209-233
74        android:theme="@style/LaunchTheme" >
74-->src\main\AndroidManifest.xml:48:18-52
75        <meta-data
75-->src\main\AndroidManifest.xml:49:9-127
76            android:name="com.google.android.maps.v2.API_KEY"
76-->src\main\AndroidManifest.xml:49:20-69
77            android:value="AIzaSyCs4i5VqJvnOJZ2khYBTA89iAMp8j--l1A" />
77-->src\main\AndroidManifest.xml:49:70-125
78        <meta-data
78-->src\main\AndroidManifest.xml:50:9-91
79            android:name="com.google.android.gms.version"
79-->src\main\AndroidManifest.xml:50:20-65
80            android:value="4030500" />
80-->src\main\AndroidManifest.xml:50:66-89
81        <meta-data
81-->src\main\AndroidManifest.xml:51:9-110
82            android:name="com.baidu.lbsapi.API_KEY"
82-->src\main\AndroidManifest.xml:51:20-59
83            android:value="KfjigtnlOzRt583bkZEHZpconspMpjW8" />
83-->src\main\AndroidManifest.xml:51:60-108
84        <meta-data
84-->src\main\AndroidManifest.xml:52:9-74
85            android:name="com.launch.adsdk.key"
85-->src\main\AndroidManifest.xml:52:20-55
86            android:value="" />
86-->src\main\AndroidManifest.xml:52:56-72
87
88        <service
88-->src\main\AndroidManifest.xml:53:9-57:19
89            android:name="com.baidu.location.ServiceC1002f"
89-->src\main\AndroidManifest.xml:53:18-65
90            android:enabled="true"
90-->src\main\AndroidManifest.xml:53:66-88
91            android:process=":remote" >
91-->src\main\AndroidManifest.xml:53:89-114
92            <intent-filter>
92-->src\main\AndroidManifest.xml:54:13-56:29
93                <action android:name="com.baidu.location.service_v2.2" />
93-->src\main\AndroidManifest.xml:55:17-73
93-->src\main\AndroidManifest.xml:55:25-71
94            </intent-filter>
95        </service>
96
97        <activity
97-->src\main\AndroidManifest.xml:58:9-63:20
98            android:name="com.ifoer.pro.expeditionphone.WelcomeActivity"
98-->src\main\AndroidManifest.xml:58:110-170
99            android:configChanges="screenSize|orientation|keyboardHidden"
99-->src\main\AndroidManifest.xml:58:171-232
100            android:label="@string/app_name"
100-->src\main\AndroidManifest.xml:58:77-109
101            android:theme="@android:style/Theme.Wallpaper.NoTitleBar" >
101-->src\main\AndroidManifest.xml:58:19-76
102            <intent-filter>
102-->src\main\AndroidManifest.xml:59:13-62:29
103                <action android:name="android.intent.action.MAIN" />
103-->src\main\AndroidManifest.xml:60:17-68
103-->src\main\AndroidManifest.xml:60:25-66
104
105                <category android:name="android.intent.category.LAUNCHER" />
105-->src\main\AndroidManifest.xml:61:17-76
105-->src\main\AndroidManifest.xml:61:27-74
106            </intent-filter>
107        </activity>
108
109        <provider
109-->src\main\AndroidManifest.xml:64:9-66:20
110            android:name="android.support.p012v4.content.FileProvider"
110-->src\main\AndroidManifest.xml:64:19-77
111            android:authorities="com.ifoer.expedition.pro.fileprovider"
111-->src\main\AndroidManifest.xml:64:103-162
112            android:exported="false"
112-->src\main\AndroidManifest.xml:64:78-102
113            android:grantUriPermissions="true" >
113-->src\main\AndroidManifest.xml:64:163-197
114            <meta-data
114-->src\main\AndroidManifest.xml:65:13-115
115                android:name="android.support.FILE_PROVIDER_PATHS"
115-->src\main\AndroidManifest.xml:65:24-74
116                android:resource="@xml/provider_paths" />
116-->src\main\AndroidManifest.xml:65:75-113
117        </provider>
118
119        <activity
119-->src\main\AndroidManifest.xml:67:9-74:20
120            android:name="org.vudroid.pdfdroid.PdfViewerActivity"
120-->src\main\AndroidManifest.xml:67:19-72
121            android:configChanges="orientation|keyboardHidden" >
121-->src\main\AndroidManifest.xml:67:73-123
122            <intent-filter>
122-->src\main\AndroidManifest.xml:68:13-73:29
123                <action android:name="org.vudroid.pdfdroid.PdfViewerActivity" />
123-->src\main\AndroidManifest.xml:69:17-80
123-->src\main\AndroidManifest.xml:69:25-78
124
125                <category android:name="android.intent.category.DEFAULT" />
125-->src\main\AndroidManifest.xml:70:17-75
125-->src\main\AndroidManifest.xml:70:27-73
126                <category android:name="android.intent.category.BROWSABLE" />
126-->src\main\AndroidManifest.xml:71:17-77
126-->src\main\AndroidManifest.xml:71:27-75
127
128                <data android:mimeType="application/pdf" />
128-->src\main\AndroidManifest.xml:72:17-59
128-->src\main\AndroidManifest.xml:72:23-57
129            </intent-filter>
130        </activity>
131        <activity
131-->src\main\AndroidManifest.xml:75:9-209
132            android:name="com.cnlaunch.x431pro.activity.info.P_DFScanActivity"
132-->src\main\AndroidManifest.xml:75:79-145
133            android:configChanges="screenSize|orientation|keyboardHidden"
133-->src\main\AndroidManifest.xml:75:146-207
134            android:theme="@android:style/Theme.Translucent.NoTitleBar" />
134-->src\main\AndroidManifest.xml:75:19-78
135        <activity
135-->src\main\AndroidManifest.xml:76:9-115
136            android:name="com.cnlaunch.x431pro.activity.GuideActivity"
136-->src\main\AndroidManifest.xml:76:19-77
137            android:configChanges="orientation" />
137-->src\main\AndroidManifest.xml:76:78-113
138        <activity
138-->src\main\AndroidManifest.xml:77:9-123
139            android:name="com.cnlaunch.x431pro.activity.AdvertiseShowActivity"
139-->src\main\AndroidManifest.xml:77:19-85
140            android:configChanges="orientation" />
140-->src\main\AndroidManifest.xml:77:86-121
141        <activity
141-->src\main\AndroidManifest.xml:78:9-83:20
142            android:name="com.cnlaunch.x431pro.activity.MainActivity"
142-->src\main\AndroidManifest.xml:78:73-130
143            android:configChanges="screenSize|orientation|keyboardHidden|locale"
143-->src\main\AndroidManifest.xml:78:163-231
144            android:launchMode="singleTask"
144-->src\main\AndroidManifest.xml:78:131-162
145            android:theme="@style/Theme.NoBackgroundAndTitleMain"
145-->src\main\AndroidManifest.xml:78:19-72
146            android:windowSoftInputMode="adjustResize" >
146-->src\main\AndroidManifest.xml:78:232-274
147            <intent-filter>
147-->src\main\AndroidManifest.xml:79:13-82:29
148                <action android:name="com.cnlaunch.golo.Notification" />
148-->src\main\AndroidManifest.xml:80:17-72
148-->src\main\AndroidManifest.xml:80:25-70
149
150                <category android:name="android.intent.category.DEFAULT" />
150-->src\main\AndroidManifest.xml:70:17-75
150-->src\main\AndroidManifest.xml:70:27-73
151            </intent-filter>
152        </activity>
153        <activity
153-->src\main\AndroidManifest.xml:84:9-205
154            android:name="com.cnlaunch.x431pro.activity.login.LoginActivity"
154-->src\main\AndroidManifest.xml:84:61-125
155            android:configChanges="orientation"
155-->src\main\AndroidManifest.xml:84:126-161
156            android:theme="@style/LaunchTheme.Dialog"
156-->src\main\AndroidManifest.xml:84:19-60
157            android:windowSoftInputMode="stateHidden" />
157-->src\main\AndroidManifest.xml:84:162-203
158        <activity
158-->src\main\AndroidManifest.xml:85:9-144
159            android:name="com.cnlaunch.x431pro.activity.login.RegistActivity"
159-->src\main\AndroidManifest.xml:85:19-84
160            android:configChanges="orientation|keyboardHidden|locale" />
160-->src\main\AndroidManifest.xml:85:85-142
161        <activity
161-->src\main\AndroidManifest.xml:86:9-147
162            android:name="com.cnlaunch.x431pro.activity.login.RegistActivity_ja"
162-->src\main\AndroidManifest.xml:86:19-87
163            android:configChanges="orientation|keyboardHidden|locale" />
163-->src\main\AndroidManifest.xml:86:88-145
164        <activity
164-->src\main\AndroidManifest.xml:87:9-157
165            android:name="com.cnlaunch.x431pro.activity.login.RegisterInstructionActivity"
165-->src\main\AndroidManifest.xml:87:19-97
166            android:configChanges="orientation|keyboardHidden|locale" />
166-->src\main\AndroidManifest.xml:87:98-155
167        <activity
167-->src\main\AndroidManifest.xml:88:9-151
168            android:name="com.cnlaunch.x431pro.activity.login.ActivateJointActivity"
168-->src\main\AndroidManifest.xml:88:19-91
169            android:configChanges="orientation|keyboardHidden|locale" />
169-->src\main\AndroidManifest.xml:88:92-149
170        <activity
170-->src\main\AndroidManifest.xml:89:9-130
171            android:name="com.cnlaunch.x431pro.activity.login.RegisterFinishActivity"
171-->src\main\AndroidManifest.xml:89:19-92
172            android:configChanges="orientation" />
172-->src\main\AndroidManifest.xml:89:93-128
173        <activity
173-->src\main\AndroidManifest.xml:90:9-161
174            android:name="com.cnlaunch.x431pro.activity.login.FindPasswordActivity"
174-->src\main\AndroidManifest.xml:90:19-90
175            android:configChanges="screenSize|orientation|keyboardHidden|locale" />
175-->src\main\AndroidManifest.xml:90:91-159
176        <activity
176-->src\main\AndroidManifest.xml:91:9-162
177            android:name="com.cnlaunch.x431pro.activity.login.ResetPasswordActivity"
177-->src\main\AndroidManifest.xml:91:19-91
178            android:configChanges="screenSize|orientation|keyboardHidden|locale" />
178-->src\main\AndroidManifest.xml:91:92-160
179        <activity
179-->src\main\AndroidManifest.xml:92:9-139
180            android:name="com.cnlaunch.x431pro.activity.login.HowToGetJointVerifyCodeActivity"
180-->src\main\AndroidManifest.xml:92:19-101
181            android:configChanges="orientation" />
181-->src\main\AndroidManifest.xml:92:102-137
182        <activity
182-->src\main\AndroidManifest.xml:93:9-131
183            android:name="com.cnlaunch.x431pro.activity.login.RegisterProfileActivity"
183-->src\main\AndroidManifest.xml:93:19-93
184            android:configChanges="orientation" />
184-->src\main\AndroidManifest.xml:93:94-129
185        <activity
185-->src\main\AndroidManifest.xml:94:9-169
186            android:name="com.cnlaunch.x431pro.activity.login.CountrySelectActivity"
186-->src\main\AndroidManifest.xml:94:19-91
187            android:configChanges="orientation"
187-->src\main\AndroidManifest.xml:94:92-127
188            android:windowSoftInputMode="adjustPan" />
188-->src\main\AndroidManifest.xml:94:128-167
189        <activity
189-->src\main\AndroidManifest.xml:95:9-185
190            android:name="com.cnlaunch.x431pro.activity.diagnose.DiagnoseActivity"
190-->src\main\AndroidManifest.xml:95:19-89
191            android:configChanges="screenSize|orientation|keyboardHidden"
191-->src\main\AndroidManifest.xml:95:122-183
192            android:launchMode="singleTask" />
192-->src\main\AndroidManifest.xml:95:90-121
193        <activity
193-->src\main\AndroidManifest.xml:96:9-229
194            android:name="com.cnlaunch.x431pro.activity.bluetooth.BluetoothActivity"
194-->src\main\AndroidManifest.xml:96:61-133
195            android:configChanges="screenSize|orientation|keyboardHidden"
195-->src\main\AndroidManifest.xml:96:166-227
196            android:launchMode="singleTask"
196-->src\main\AndroidManifest.xml:96:134-165
197            android:theme="@style/LaunchTheme.Dialog" />
197-->src\main\AndroidManifest.xml:96:19-60
198        <activity
198-->src\main\AndroidManifest.xml:97:9-231
199            android:name="com.cnlaunch.x431pro.activity.bluetooth.DownloadBinActivity"
199-->src\main\AndroidManifest.xml:97:61-135
200            android:configChanges="screenSize|orientation|keyboardHidden"
200-->src\main\AndroidManifest.xml:97:168-229
201            android:launchMode="singleTask"
201-->src\main\AndroidManifest.xml:97:136-167
202            android:theme="@style/LaunchTheme.Dialog" />
202-->src\main\AndroidManifest.xml:97:19-60
203        <activity
203-->src\main\AndroidManifest.xml:98:9-221
204            android:name="com.cnlaunch.x431pro.activity.share.ShareActivity"
204-->src\main\AndroidManifest.xml:98:61-125
205            android:configChanges="screenSize|orientation|keyboardHidden"
205-->src\main\AndroidManifest.xml:98:158-219
206            android:launchMode="singleTask"
206-->src\main\AndroidManifest.xml:98:126-157
207            android:theme="@style/LaunchTheme.Dialog" />
207-->src\main\AndroidManifest.xml:98:19-60
208        <activity
208-->src\main\AndroidManifest.xml:99:9-151
209            android:name="com.cnlaunch.x431pro.activity.info.InfoActivity"
209-->src\main\AndroidManifest.xml:99:19-81
210            android:configChanges="orientation"
210-->src\main\AndroidManifest.xml:99:114-149
211            android:launchMode="singleTask" />
211-->src\main\AndroidManifest.xml:99:82-113
212        <activity
212-->src\main\AndroidManifest.xml:100:9-190
213            android:name="com.cnlaunch.x431pro.activity.upgrade.UpgradeActivity"
213-->src\main\AndroidManifest.xml:100:19-87
214            android:configChanges="screenSize|orientation|keyboardHidden|locale"
214-->src\main\AndroidManifest.xml:100:120-188
215            android:launchMode="singleTask" />
215-->src\main\AndroidManifest.xml:100:88-119
216        <activity
216-->src\main\AndroidManifest.xml:101:9-193
217            android:name="com.cnlaunch.x431pro.activity.upgrade.UpgradeDocActivity"
217-->src\main\AndroidManifest.xml:101:19-90
218            android:configChanges="screenSize|orientation|keyboardHidden|locale"
218-->src\main\AndroidManifest.xml:101:123-191
219            android:launchMode="singleTask" />
219-->src\main\AndroidManifest.xml:101:91-122
220        <activity
220-->src\main\AndroidManifest.xml:102:9-184
221            android:name="com.cnlaunch.x431pro.activity.golo.GoloActivity"
221-->src\main\AndroidManifest.xml:102:19-81
222            android:configChanges="screenSize|orientation|keyboardHidden|locale"
222-->src\main\AndroidManifest.xml:102:114-182
223            android:launchMode="singleTask" />
223-->src\main\AndroidManifest.xml:102:82-113
224        <activity
224-->src\main\AndroidManifest.xml:103:9-190
225            android:name="com.cnlaunch.x431pro.activity.golousa.GoloUSAActivity"
225-->src\main\AndroidManifest.xml:103:19-87
226            android:configChanges="screenSize|orientation|keyboardHidden|locale"
226-->src\main\AndroidManifest.xml:103:120-188
227            android:launchMode="singleTask" />
227-->src\main\AndroidManifest.xml:103:88-119
228        <activity
228-->src\main\AndroidManifest.xml:104:9-167
229            android:name="com.cnlaunch.p169im.IMActivity"
229-->src\main\AndroidManifest.xml:104:19-64
230            android:configChanges="screenSize|orientation|keyboardHidden|locale"
230-->src\main\AndroidManifest.xml:104:97-165
231            android:launchMode="singleTask" />
231-->src\main\AndroidManifest.xml:104:65-96
232        <activity
232-->src\main\AndroidManifest.xml:105:9-177
233            android:name="com.cnlaunch.x431pro.activity.golo.function.GoloFunctionActivity"
233-->src\main\AndroidManifest.xml:105:19-98
234            android:configChanges="screenSize|orientation"
234-->src\main\AndroidManifest.xml:105:129-175
235            android:launchMode="standard" />
235-->src\main\AndroidManifest.xml:105:99-128
236        <activity
236-->src\main\AndroidManifest.xml:106:9-166
237            android:name="com.cnlaunch.x431pro.activity.golo.UserDetailActivity"
237-->src\main\AndroidManifest.xml:106:19-87
238            android:configChanges="screenSize|orientation"
238-->src\main\AndroidManifest.xml:106:118-164
239            android:launchMode="standard" />
239-->src\main\AndroidManifest.xml:106:88-117
240        <activity
240-->src\main\AndroidManifest.xml:107:9-157
241            android:name="com.cnlaunch.x431pro.activity.browser.BrowserActivity"
241-->src\main\AndroidManifest.xml:107:19-87
242            android:configChanges="orientation"
242-->src\main\AndroidManifest.xml:107:120-155
243            android:launchMode="singleTask" />
243-->src\main\AndroidManifest.xml:107:88-119
244        <activity
244-->src\main\AndroidManifest.xml:108:9-179
245            android:name="com.cnlaunch.x431pro.activity.tools.ToolsActivity"
245-->src\main\AndroidManifest.xml:108:19-83
246            android:configChanges="screenSize|orientation|keyboardHidden"
246-->src\main\AndroidManifest.xml:108:116-177
247            android:launchMode="singleTask" />
247-->src\main\AndroidManifest.xml:108:84-115
248        <activity
248-->src\main\AndroidManifest.xml:109:9-219
249            android:name="com.cnlaunch.x431pro.activity.mine.MineActivity"
249-->src\main\AndroidManifest.xml:109:19-81
250            android:configChanges="screenSize|orientation|keyboardHidden"
250-->src\main\AndroidManifest.xml:109:114-175
251            android:launchMode="singleTask"
251-->src\main\AndroidManifest.xml:109:82-113
252            android:windowSoftInputMode="stateHidden" />
252-->src\main\AndroidManifest.xml:109:176-217
253        <activity
253-->src\main\AndroidManifest.xml:110:9-189
254            android:name="com.cnlaunch.x431pro.activity.mine.PDFReportActivity"
254-->src\main\AndroidManifest.xml:110:19-86
255            android:configChanges="screenSize|orientation|keyboardHidden|locale"
255-->src\main\AndroidManifest.xml:110:119-187
256            android:launchMode="singleTask" />
256-->src\main\AndroidManifest.xml:110:87-118
257        <activity
257-->src\main\AndroidManifest.xml:111:9-117:20
258            android:name="com.cnlaunch.x431pro.activity.help.HelpActivity"
258-->src\main\AndroidManifest.xml:111:19-81
259            android:configChanges="orientation" >
259-->src\main\AndroidManifest.xml:111:82-117
260            <intent-filter>
260-->src\main\AndroidManifest.xml:112:13-116:29
261                <action android:name="HELP_ACTION" />
261-->src\main\AndroidManifest.xml:113:17-53
261-->src\main\AndroidManifest.xml:113:25-51
262
263                <category android:name="android.intent.category.DEFAULT" />
263-->src\main\AndroidManifest.xml:70:17-75
263-->src\main\AndroidManifest.xml:70:27-73
264
265                <data
265-->src\main\AndroidManifest.xml:72:17-59
266                    android:mimeType="cnlaunch/helpfile"
266-->src\main\AndroidManifest.xml:72:23-57
267                    android:scheme="helpfile" />
267-->src\main\AndroidManifest.xml:115:60-85
268            </intent-filter>
269        </activity>
270        <activity
270-->src\main\AndroidManifest.xml:118:9-127
271            android:name="com.cnlaunch.x431pro.activity.help.HelpShowFileActivity"
271-->src\main\AndroidManifest.xml:118:19-89
272            android:configChanges="orientation" />
272-->src\main\AndroidManifest.xml:118:90-125
273
274        <receiver android:name="com.cnlaunch.x431pro.activity.setting.SettingLaunchReceiver" >
274-->src\main\AndroidManifest.xml:119:9-124:20
274-->src\main\AndroidManifest.xml:119:19-93
275            <intent-filter>
275-->src\main\AndroidManifest.xml:120:13-123:29
276                <action android:name="com.cnlaunch.intent.action.SETTINGS" />
276-->src\main\AndroidManifest.xml:121:17-77
276-->src\main\AndroidManifest.xml:121:25-75
277
278                <category android:name="android.intent.category.DEFAULT" />
278-->src\main\AndroidManifest.xml:70:17-75
278-->src\main\AndroidManifest.xml:70:27-73
279            </intent-filter>
280        </receiver>
281
282        <activity
282-->src\main\AndroidManifest.xml:125:9-190
283            android:name="com.cnlaunch.x431pro.activity.setting.SettingActivity"
283-->src\main\AndroidManifest.xml:125:19-87
284            android:configChanges="screenSize|orientation|keyboardHidden|locale"
284-->src\main\AndroidManifest.xml:125:120-188
285            android:launchMode="singleTask" />
285-->src\main\AndroidManifest.xml:125:88-119
286        <activity
286-->src\main\AndroidManifest.xml:126:9-229
287            android:name="com.cnlaunch.x431pro.activity.setting.FeedbackActivity"
287-->src\main\AndroidManifest.xml:126:19-88
288            android:configChanges="screenSize|orientation|keyboardHidden|locale"
288-->src\main\AndroidManifest.xml:126:159-227
289            android:launchMode="singleTask"
289-->src\main\AndroidManifest.xml:126:89-120
290            android:screenOrientation="landscape" />
290-->src\main\AndroidManifest.xml:126:121-158
291        <activity
291-->src\main\AndroidManifest.xml:127:9-185
292            android:name="com.cnlaunch.x431pro.activity.ReportShowActivity"
292-->src\main\AndroidManifest.xml:127:19-82
293            android:configChanges="screenSize|orientation|keyboardHidden|locale"
293-->src\main\AndroidManifest.xml:127:115-183
294            android:launchMode="singleTask" />
294-->src\main\AndroidManifest.xml:127:83-114
295        <activity
295-->src\main\AndroidManifest.xml:128:9-210
296            android:name="com.cnlaunch.x431pro.activity.setting.SendDiagnosticLogActivity"
296-->src\main\AndroidManifest.xml:128:61-139
297            android:configChanges="screenSize|orientation|keyboardHidden|locale"
297-->src\main\AndroidManifest.xml:128:140-208
298            android:theme="@style/LaunchTheme.Dialog" />
298-->src\main\AndroidManifest.xml:128:19-60
299        <activity
299-->src\main\AndroidManifest.xml:129:9-131:20
300            android:name="com.cnlaunch.x431pro.activity.setting.SendDiagnosticLogActivity1"
300-->src\main\AndroidManifest.xml:129:19-98